--------------- Rebuild Started: 11/14/2017 17:47:31 Project: SDI-12, Configuration: ARM GCC 5.4-2016-q2-update Debug ---------------
Deleting file ".\CortexM3\ARM_GCC_541\Debug\main.o"
Deleting file ".\CortexM3\ARM_GCC_541\Debug\strlib.o"
Deleting file ".\CortexM3\ARM_GCC_541\Debug\SDI12.o"
Deleting file ".\CortexM3\ARM_GCC_541\Debug\cyfitter_cfg.o"
Deleting file ".\CortexM3\ARM_GCC_541\Debug\cymetadata.o"
Deleting file ".\CortexM3\ARM_GCC_541\Debug\SDI12_UART.o"
Deleting file ".\CortexM3\ARM_GCC_541\Debug\SDI12_UART_PM.o"
Deleting file ".\CortexM3\ARM_GCC_541\Debug\SDI12_UART_INT.o"
Deleting file ".\CortexM3\ARM_GCC_541\Debug\SDI12_UART_BOOT.o"
Deleting file ".\CortexM3\ARM_GCC_541\Debug\isr_SDI12.o"
Deleting file ".\CortexM3\ARM_GCC_541\Debug\SDI12_Power.o"
Deleting file ".\CortexM3\ARM_GCC_541\Debug\SDI12_UART_IntClock.o"
Deleting file ".\CortexM3\ARM_GCC_541\Debug\Cm3Start.o"
Deleting file ".\CortexM3\ARM_GCC_541\Debug\CyBootAsmGnu.o"
Deleting file ".\CortexM3\ARM_GCC_541\Debug\CyDmac.o"
Deleting file ".\CortexM3\ARM_GCC_541\Debug\CyFlash.o"
Deleting file ".\CortexM3\ARM_GCC_541\Debug\CyLib.o"
Deleting file ".\CortexM3\ARM_GCC_541\Debug\cyPm.o"
Deleting file ".\CortexM3\ARM_GCC_541\Debug\CySpc.o"
Deleting file ".\CortexM3\ARM_GCC_541\Debug\cyutils.o"
Deleting file ".\CortexM3\ARM_GCC_541\Debug\SDI12_Data.o"
Deleting file ".\CortexM3\ARM_GCC_541\Debug\SDI12_control_reg.o"
Deleting file ".\CortexM3\ARM_GCC_541\Debug\SDI12_control_reg_PM.o"
Deleting file ".\CortexM3\ARM_GCC_541\Debug\SDI-12.hex"
Deleting file ".\CortexM3\ARM_GCC_541\Debug\SDI-12.elf"
Deleting file ".\CortexM3\ARM_GCC_541\Debug\SDI-12.map"
Deleting file ".\SDI-12.cycdx"
Deleting file ".\SDI-12.svd"
Deleting file ".\SDI-12.rpt"
Deleting file ".\SDI-12_timing.html"
Deleting file ".\CortexM3\ARM_GCC_541\Debug\.deps\SOURCE_C__ARM_GCC_GENERIC.P"
Deleting file ".\CortexM3\ARM_GCC_541\Debug\.deps\SOURCE_ASM__ARM_GCC_GENERIC.P"
cydsfit.exe -.appdatapath "C:\Users\klab\AppData\Local\Cypress Semiconductor\PSoC Creator\4.1" -.fdsnotice -.fdswarpdepfile=warp_dependencies.txt -.fdselabdepfile=elab_dependencies.txt -.fdsbldfile=generated_files.txt -.fdsreffile=referenced_files.txt -p C:\Users\klab\git\perfect-cell-internal\perfect-cell.cydsn\SDI-12.cydsn\SDI-12.cyprj -d CY8C5888LTI-LP097 -s C:\Users\klab\git\perfect-cell-internal\perfect-cell.cydsn\SDI-12.cydsn\Generated_Source\PSoC5 -- -yv2 -q10 -ygs -o2 -v3 -.fftcfgtype=LE
Elaborating Design...
HDL Generation...
Synthesis...
Tech Mapping...
Analog Placement...
Analog Routing...
Analog Code Generation...
Digital Placement...
Digital Routing...
Bitstream Generation...
Bitstream Verification...
Static timing analysis...
Warning: sta.M0019: SDI-12_timing.html: Warning-1366: Setup time violation found in a path from clock ( CyBUS_CLK ) to clock ( SDI12_UART_IntClock ). (File=C:\Users\klab\git\perfect-cell-internal\perfect-cell.cydsn\SDI-12.cydsn\SDI-12_timing.html)
API Generation...
Dependency Generation...
Cleanup...
Unable to add item 'SDI12_Power' to 'PSoC5'. 'A file of the given name already exists. Please enter a valid name.'
Unable to add item 'SDI12_Power' to 'PSoC5'. 'A file of the given name already exists. Please enter a valid name.'
Unable to add item 'SDI12_Power' to 'PSoC5'. 'A file of the given name already exists. Please enter a valid name.'
Unable to add item 'SDI12_Data' to 'PSoC5'. 'A file of the given name already exists. Please enter a valid name.'
Unable to add item 'SDI12_Data' to 'PSoC5'. 'A file of the given name already exists. Please enter a valid name.'
Unable to add item 'SDI12_Data' to 'PSoC5'. 'A file of the given name already exists. Please enter a valid name.'
arm-none-eabi-gcc.exe -mcpu=cortex-m3 -mthumb -I. -IGenerated_Source\PSoC5 -Wa,-alh=.\CortexM3\ARM_GCC_541\Debug/main.lst -g -D DEBUG -D CY_CORE_ID=0 -Wall -ffunction-sections -ffat-lto-objects -Og -c main.c -o .\CortexM3\ARM_GCC_541\Debug\main.o
main.c: In function 'main':
main.c:41:11: warning: variable 'M' set but not used [-Wunused-but-set-variable]
     float M[ (sensors[1]).nvars ];
           ^
main.c:40:20: warning: variable 'valid' set but not used [-Wunused-but-set-variable]
     uint8 i, j, k, valid;
                    ^
main.c:29:11: warning: unused variable 'GS3_nvars' [-Wunused-variable]
     uint8 GS3_nvars    =  3;
           ^
arm-none-eabi-gcc.exe -mcpu=cortex-m3 -mthumb -I. -IGenerated_Source\PSoC5 -Wa,-alh=.\CortexM3\ARM_GCC_541\Debug/strlib.lst -g -D DEBUG -D CY_CORE_ID=0 -Wall -ffunction-sections -ffat-lto-objects -Og -c strlib.c -o .\CortexM3\ARM_GCC_541\Debug\strlib.o
arm-none-eabi-gcc.exe -mcpu=cortex-m3 -mthumb -I. -IGenerated_Source\PSoC5 -Wa,-alh=.\CortexM3\ARM_GCC_541\Debug/SDI12.lst -g -D DEBUG -D CY_CORE_ID=0 -Wall -ffunction-sections -ffat-lto-objects -Og -c SDI12.c -o .\CortexM3\ARM_GCC_541\Debug\SDI12.o
arm-none-eabi-gcc.exe -mcpu=cortex-m3 -mthumb -I. -IGenerated_Source\PSoC5 -Wa,-alh=.\CortexM3\ARM_GCC_541\Debug/cyfitter_cfg.lst -g -D DEBUG -D CY_CORE_ID=0 -Wall -ffunction-sections -ffat-lto-objects -Og -c Generated_Source\PSoC5\cyfitter_cfg.c -o .\CortexM3\ARM_GCC_541\Debug\cyfitter_cfg.o
arm-none-eabi-gcc.exe -mcpu=cortex-m3 -mthumb -I. -IGenerated_Source\PSoC5 -Wa,-alh=.\CortexM3\ARM_GCC_541\Debug/cymetadata.lst -g -D DEBUG -D CY_CORE_ID=0 -Wall -ffunction-sections -ffat-lto-objects -Og -c Generated_Source\PSoC5\cymetadata.c -o .\CortexM3\ARM_GCC_541\Debug\cymetadata.o
arm-none-eabi-gcc.exe -mcpu=cortex-m3 -mthumb -I. -IGenerated_Source\PSoC5 -Wa,-alh=.\CortexM3\ARM_GCC_541\Debug/SDI12_UART.lst -g -D DEBUG -D CY_CORE_ID=0 -Wall -ffunction-sections -ffat-lto-objects -Og -c Generated_Source\PSoC5\SDI12_UART.c -o .\CortexM3\ARM_GCC_541\Debug\SDI12_UART.o
arm-none-eabi-gcc.exe -mcpu=cortex-m3 -mthumb -I. -IGenerated_Source\PSoC5 -Wa,-alh=.\CortexM3\ARM_GCC_541\Debug/SDI12_UART_PM.lst -g -D DEBUG -D CY_CORE_ID=0 -Wall -ffunction-sections -ffat-lto-objects -Og -c Generated_Source\PSoC5\SDI12_UART_PM.c -o .\CortexM3\ARM_GCC_541\Debug\SDI12_UART_PM.o
arm-none-eabi-gcc.exe -mcpu=cortex-m3 -mthumb -I. -IGenerated_Source\PSoC5 -Wa,-alh=.\CortexM3\ARM_GCC_541\Debug/SDI12_UART_INT.lst -g -D DEBUG -D CY_CORE_ID=0 -Wall -ffunction-sections -ffat-lto-objects -Og -c Generated_Source\PSoC5\SDI12_UART_INT.c -o .\CortexM3\ARM_GCC_541\Debug\SDI12_UART_INT.o
arm-none-eabi-gcc.exe -mcpu=cortex-m3 -mthumb -I. -IGenerated_Source\PSoC5 -Wa,-alh=.\CortexM3\ARM_GCC_541\Debug/SDI12_UART_BOOT.lst -g -D DEBUG -D CY_CORE_ID=0 -Wall -ffunction-sections -ffat-lto-objects -Og -c Generated_Source\PSoC5\SDI12_UART_BOOT.c -o .\CortexM3\ARM_GCC_541\Debug\SDI12_UART_BOOT.o
arm-none-eabi-gcc.exe -mcpu=cortex-m3 -mthumb -I. -IGenerated_Source\PSoC5 -Wa,-alh=.\CortexM3\ARM_GCC_541\Debug/isr_SDI12.lst -g -D DEBUG -D CY_CORE_ID=0 -Wall -ffunction-sections -ffat-lto-objects -Og -c Generated_Source\PSoC5\isr_SDI12.c -o .\CortexM3\ARM_GCC_541\Debug\isr_SDI12.o
arm-none-eabi-gcc.exe -mcpu=cortex-m3 -mthumb -I. -IGenerated_Source\PSoC5 -Wa,-alh=.\CortexM3\ARM_GCC_541\Debug/SDI12_Power.lst -g -D DEBUG -D CY_CORE_ID=0 -Wall -ffunction-sections -ffat-lto-objects -Og -c Generated_Source\PSoC5\SDI12_Power.c -o .\CortexM3\ARM_GCC_541\Debug\SDI12_Power.o
arm-none-eabi-gcc.exe -mcpu=cortex-m3 -mthumb -I. -IGenerated_Source\PSoC5 -Wa,-alh=.\CortexM3\ARM_GCC_541\Debug/SDI12_UART_IntClock.lst -g -D DEBUG -D CY_CORE_ID=0 -Wall -ffunction-sections -ffat-lto-objects -Og -c Generated_Source\PSoC5\SDI12_UART_IntClock.c -o .\CortexM3\ARM_GCC_541\Debug\SDI12_UART_IntClock.o
arm-none-eabi-gcc.exe -mcpu=cortex-m3 -mthumb -I. -IGenerated_Source\PSoC5 -Wa,-alh=.\CortexM3\ARM_GCC_541\Debug/Cm3Start.lst -g -D DEBUG -D CY_CORE_ID=0 -Wall -ffunction-sections -ffat-lto-objects -Og -c Generated_Source\PSoC5\Cm3Start.c -o .\CortexM3\ARM_GCC_541\Debug\Cm3Start.o
arm-none-eabi-gcc.exe -mcpu=cortex-m3 -mthumb -I. -IGenerated_Source\PSoC5 -Wa,-alh=.\CortexM3\ARM_GCC_541\Debug/CyDmac.lst -g -D DEBUG -D CY_CORE_ID=0 -Wall -ffunction-sections -ffat-lto-objects -Og -c Generated_Source\PSoC5\CyDmac.c -o .\CortexM3\ARM_GCC_541\Debug\CyDmac.o
arm-none-eabi-gcc.exe -mcpu=cortex-m3 -mthumb -I. -IGenerated_Source\PSoC5 -Wa,-alh=.\CortexM3\ARM_GCC_541\Debug/CyFlash.lst -g -D DEBUG -D CY_CORE_ID=0 -Wall -ffunction-sections -ffat-lto-objects -Og -c Generated_Source\PSoC5\CyFlash.c -o .\CortexM3\ARM_GCC_541\Debug\CyFlash.o
arm-none-eabi-gcc.exe -mcpu=cortex-m3 -mthumb -I. -IGenerated_Source\PSoC5 -Wa,-alh=.\CortexM3\ARM_GCC_541\Debug/CyLib.lst -g -D DEBUG -D CY_CORE_ID=0 -Wall -ffunction-sections -ffat-lto-objects -Og -c Generated_Source\PSoC5\CyLib.c -o .\CortexM3\ARM_GCC_541\Debug\CyLib.o
arm-none-eabi-gcc.exe -mcpu=cortex-m3 -mthumb -I. -IGenerated_Source\PSoC5 -Wa,-alh=.\CortexM3\ARM_GCC_541\Debug/cyPm.lst -g -D DEBUG -D CY_CORE_ID=0 -Wall -ffunction-sections -ffat-lto-objects -Og -c Generated_Source\PSoC5\cyPm.c -o .\CortexM3\ARM_GCC_541\Debug\cyPm.o
arm-none-eabi-gcc.exe -mcpu=cortex-m3 -mthumb -I. -IGenerated_Source\PSoC5 -Wa,-alh=.\CortexM3\ARM_GCC_541\Debug/CySpc.lst -g -D DEBUG -D CY_CORE_ID=0 -Wall -ffunction-sections -ffat-lto-objects -Og -c Generated_Source\PSoC5\CySpc.c -o .\CortexM3\ARM_GCC_541\Debug\CySpc.o
arm-none-eabi-gcc.exe -mcpu=cortex-m3 -mthumb -I. -IGenerated_Source\PSoC5 -Wa,-alh=.\CortexM3\ARM_GCC_541\Debug/cyutils.lst -g -D DEBUG -D CY_CORE_ID=0 -Wall -ffunction-sections -ffat-lto-objects -Og -c Generated_Source\PSoC5\cyutils.c -o .\CortexM3\ARM_GCC_541\Debug\cyutils.o
arm-none-eabi-gcc.exe -mcpu=cortex-m3 -mthumb -I. -IGenerated_Source\PSoC5 -Wa,-alh=.\CortexM3\ARM_GCC_541\Debug/SDI12_Data.lst -g -D DEBUG -D CY_CORE_ID=0 -Wall -ffunction-sections -ffat-lto-objects -Og -c Generated_Source\PSoC5\SDI12_Data.c -o .\CortexM3\ARM_GCC_541\Debug\SDI12_Data.o
arm-none-eabi-gcc.exe -mcpu=cortex-m3 -mthumb -I. -IGenerated_Source\PSoC5 -Wa,-alh=.\CortexM3\ARM_GCC_541\Debug/SDI12_control_reg.lst -g -D DEBUG -D CY_CORE_ID=0 -Wall -ffunction-sections -ffat-lto-objects -Og -c Generated_Source\PSoC5\SDI12_control_reg.c -o .\CortexM3\ARM_GCC_541\Debug\SDI12_control_reg.o
arm-none-eabi-gcc.exe -mcpu=cortex-m3 -mthumb -I. -IGenerated_Source\PSoC5 -Wa,-alh=.\CortexM3\ARM_GCC_541\Debug/SDI12_control_reg_PM.lst -g -D DEBUG -D CY_CORE_ID=0 -Wall -ffunction-sections -ffat-lto-objects -Og -c Generated_Source\PSoC5\SDI12_control_reg_PM.c -o .\CortexM3\ARM_GCC_541\Debug\SDI12_control_reg_PM.o
arm-none-eabi-as.exe -mcpu=cortex-m3 -mthumb -I. -IGenerated_Source\PSoC5 -alh=.\CortexM3\ARM_GCC_541\Debug/CyBootAsmGnu.lst -g -W -o .\CortexM3\ARM_GCC_541\Debug\CyBootAsmGnu.o Generated_Source\PSoC5\CyBootAsmGnu.s
arm-none-eabi-ar.exe -rs .\CortexM3\ARM_GCC_541\Debug\SDI-12.a .\CortexM3\ARM_GCC_541\Debug\SDI12_UART.o .\CortexM3\ARM_GCC_541\Debug\SDI12_UART_PM.o .\CortexM3\ARM_GCC_541\Debug\SDI12_UART_INT.o .\CortexM3\ARM_GCC_541\Debug\SDI12_UART_BOOT.o .\CortexM3\ARM_GCC_541\Debug\isr_SDI12.o .\CortexM3\ARM_GCC_541\Debug\SDI12_Power.o .\CortexM3\ARM_GCC_541\Debug\SDI12_UART_IntClock.o .\CortexM3\ARM_GCC_541\Debug\CyDmac.o .\CortexM3\ARM_GCC_541\Debug\CyFlash.o .\CortexM3\ARM_GCC_541\Debug\CyLib.o .\CortexM3\ARM_GCC_541\Debug\cyPm.o .\CortexM3\ARM_GCC_541\Debug\CySpc.o .\CortexM3\ARM_GCC_541\Debug\cyutils.o .\CortexM3\ARM_GCC_541\Debug\SDI12_Data.o .\CortexM3\ARM_GCC_541\Debug\SDI12_control_reg.o .\CortexM3\ARM_GCC_541\Debug\SDI12_control_reg_PM.o .\CortexM3\ARM_GCC_541\Debug\CyBootAsmGnu.o
arm-none-eabi-ar.exe: creating .\CortexM3\ARM_GCC_541\Debug\SDI-12.a
arm-none-eabi-gcc.exe -Wl,--start-group -o C:\Users\klab\git\perfect-cell-internal\perfect-cell.cydsn\SDI-12.cydsn\CortexM3\ARM_GCC_541\Debug\SDI-12.elf .\CortexM3\ARM_GCC_541\Debug\main.o .\CortexM3\ARM_GCC_541\Debug\strlib.o .\CortexM3\ARM_GCC_541\Debug\SDI12.o .\CortexM3\ARM_GCC_541\Debug\cyfitter_cfg.o .\CortexM3\ARM_GCC_541\Debug\cymetadata.o .\CortexM3\ARM_GCC_541\Debug\Cm3Start.o .\CortexM3\ARM_GCC_541\Debug\SDI-12.a "C:\Program Files (x86)\Cypress\PSoC Creator\4.1\PSoC Creator\psoc\content\cycomponentlibrary\CyComponentLibrary.cylib\CortexM3\ARM_GCC_541\Debug\CyComponentLibrary.a" -mcpu=cortex-m3 -mthumb -L Generated_Source\PSoC5 -Wl,-Map,.\CortexM3\ARM_GCC_541\Debug/SDI-12.map -T Generated_Source\PSoC5\cm3gcc.ld -specs=nano.specs -u _printf_float -Wl,--gc-sections -g -ffunction-sections -Og -ffat-lto-objects -Wl,--end-group
cyelftool.exe -C C:\Users\klab\git\perfect-cell-internal\perfect-cell.cydsn\SDI-12.cydsn\CortexM3\ARM_GCC_541\Debug\SDI-12.elf --flash_row_size 256 --flash_size 262144 --flash_offset 0x00000000
cyelftool.exe -S C:\Users\klab\git\perfect-cell-internal\perfect-cell.cydsn\SDI-12.cydsn\CortexM3\ARM_GCC_541\Debug\SDI-12.elf
Flash used: 19884 of 262144 bytes (7.6 %).
SRAM used: 21393 of 65536 bytes (32.6 %). Stack: 16384 bytes. Heap: 4096 bytes.
--------------- Rebuild Succeeded: 11/14/2017 17:48:00 ---------------
