ARM GAS  C:\Users\mame\AppData\Local\Temp\ccbBRDom.s 			page 1


   1              		.syntax unified
   2              		.cpu cortex-m3
   3              		.fpu softvfp
   4              		.eabi_attribute 20, 1
   5              		.eabi_attribute 21, 1
   6              		.eabi_attribute 23, 3
   7              		.eabi_attribute 24, 1
   8              		.eabi_attribute 25, 1
   9              		.eabi_attribute 26, 1
  10              		.eabi_attribute 30, 1
  11              		.eabi_attribute 34, 1
  12              		.eabi_attribute 18, 4
  13              		.thumb
  14              		.syntax unified
  15              		.file	"cymetadata.c"
  16              		.text
  17              	.Ltext0:
  18              		.cfi_sections	.debug_frame
  19              		.global	cy_metadata
  20              		.global	cy_meta_flashprotect
  21              		.global	cy_meta_wonvl
  22              		.global	cy_meta_custnvl
  23              		.global	cy_meta_configecc
  24              		.section	.cyconfigecc,"a",%progbits
  25              		.align	2
  26              		.type	cy_meta_configecc, %object
  27              		.size	cy_meta_configecc, 1044
  28              	cy_meta_configecc:
  29 0000 02       		.byte	2
  30 0001 52       		.byte	82
  31 0002 00       		.byte	0
  32 0003 40       		.byte	64
  33 0004 03       		.byte	3
  34 0005 65       		.byte	101
  35 0006 00       		.byte	0
  36 0007 40       		.byte	64
  37 0008 5A       		.byte	90
  38 0009 06       		.byte	6
  39 000a 01       		.byte	1
  40 000b 40       		.byte	64
  41 000c 31       		.byte	49
  42 000d 07       		.byte	7
  43 000e 01       		.byte	1
  44 000f 40       		.byte	64
  45 0010 4F       		.byte	79
  46 0011 14       		.byte	20
  47 0012 01       		.byte	1
  48 0013 40       		.byte	64
  49 0014 4E       		.byte	78
  50 0015 15       		.byte	21
  51 0016 01       		.byte	1
  52 0017 40       		.byte	64
  53 0018 4C       		.byte	76
  54 0019 16       		.byte	22
  55 001a 01       		.byte	1
  56 001b 40       		.byte	64
  57 001c 4A       		.byte	74
ARM GAS  C:\Users\mame\AppData\Local\Temp\ccbBRDom.s 			page 2


  58 001d 17       		.byte	23
  59 001e 01       		.byte	1
  60 001f 40       		.byte	64
  61 0020 02       		.byte	2
  62 0021 40       		.byte	64
  63 0022 01       		.byte	1
  64 0023 40       		.byte	64
  65 0024 01       		.byte	1
  66 0025 41       		.byte	65
  67 0026 01       		.byte	1
  68 0027 40       		.byte	64
  69 0028 01       		.byte	1
  70 0029 42       		.byte	66
  71 002a 01       		.byte	1
  72 002b 40       		.byte	64
  73 002c 01       		.byte	1
  74 002d 43       		.byte	67
  75 002e 01       		.byte	1
  76 002f 40       		.byte	64
  77 0030 01       		.byte	1
  78 0031 48       		.byte	72
  79 0032 01       		.byte	1
  80 0033 40       		.byte	64
  81 0034 0B       		.byte	11
  82 0035 49       		.byte	73
  83 0036 01       		.byte	1
  84 0037 40       		.byte	64
  85 0038 08       		.byte	8
  86 0039 50       		.byte	80
  87 003a 01       		.byte	1
  88 003b 40       		.byte	64
  89 003c 01       		.byte	1
  90 003d 51       		.byte	81
  91 003e 01       		.byte	1
  92 003f 40       		.byte	64
  93 0040 18       		.byte	24
  94 0041 02       		.byte	2
  95 0042 19       		.byte	25
  96 0043 02       		.byte	2
  97 0044 84       		.byte	-124
  98 0045 3C       		.byte	60
  99 0046 86       		.byte	-122
 100 0047 0F       		.byte	15
 101 0048 87       		.byte	-121
 102 0049 72       		.byte	114
 103 004a 02       		.byte	2
 104 004b 08       		.byte	8
 105 004c 03       		.byte	3
 106 004d 20       		.byte	32
 107 004e 04       		.byte	4
 108 004f 23       		.byte	35
 109 0050 06       		.byte	6
 110 0051 94       		.byte	-108
 111 0052 07       		.byte	7
 112 0053 40       		.byte	64
 113 0054 08       		.byte	8
 114 0055 23       		.byte	35
ARM GAS  C:\Users\mame\AppData\Local\Temp\ccbBRDom.s 			page 3


 115 0056 09       		.byte	9
 116 0057 26       		.byte	38
 117 0058 0A       		.byte	10
 118 0059 8C       		.byte	-116
 119 005a 0B       		.byte	11
 120 005b 19       		.byte	25
 121 005c 0D       		.byte	13
 122 005d 01       		.byte	1
 123 005e 11       		.byte	17
 124 005f 40       		.byte	64
 125 0060 15       		.byte	21
 126 0061 13       		.byte	19
 127 0062 17       		.byte	23
 128 0063 2C       		.byte	44
 129 0064 1B       		.byte	27
 130 0065 2C       		.byte	44
 131 0066 1E       		.byte	30
 132 0067 18       		.byte	24
 133 0068 1F       		.byte	31
 134 0069 02       		.byte	2
 135 006a 20       		.byte	32
 136 006b 03       		.byte	3
 137 006c 22       		.byte	34
 138 006d 04       		.byte	4
 139 006e 23       		.byte	35
 140 006f 13       		.byte	19
 141 0070 24       		.byte	36
 142 0071 1A       		.byte	26
 143 0072 25       		.byte	37
 144 0073 25       		.byte	37
 145 0074 26       		.byte	38
 146 0075 A4       		.byte	-92
 147 0076 27       		.byte	39
 148 0077 1A       		.byte	26
 149 0078 28       		.byte	40
 150 0079 40       		.byte	64
 151 007a 29       		.byte	41
 152 007b 40       		.byte	64
 153 007c 2A       		.byte	42
 154 007d 85       		.byte	-123
 155 007e 2F       		.byte	47
 156 007f 40       		.byte	64
 157 0080 31       		.byte	49
 158 0081 40       		.byte	64
 159 0082 32       		.byte	50
 160 0083 90       		.byte	-112
 161 0084 33       		.byte	51
 162 0085 20       		.byte	32
 163 0086 34       		.byte	52
 164 0087 1F       		.byte	31
 165 0088 35       		.byte	53
 166 0089 1C       		.byte	28
 167 008a 36       		.byte	54
 168 008b 60       		.byte	96
 169 008c 37       		.byte	55
 170 008d 03       		.byte	3
 171 008e 38       		.byte	56
ARM GAS  C:\Users\mame\AppData\Local\Temp\ccbBRDom.s 			page 4


 172 008f 80       		.byte	-128
 173 0090 39       		.byte	57
 174 0091 02       		.byte	2
 175 0092 3A       		.byte	58
 176 0093 28       		.byte	40
 177 0094 3B       		.byte	59
 178 0095 A0       		.byte	-96
 179 0096 3F       		.byte	63
 180 0097 04       		.byte	4
 181 0098 58       		.byte	88
 182 0099 04       		.byte	4
 183 009a 59       		.byte	89
 184 009b 04       		.byte	4
 185 009c 5F       		.byte	95
 186 009d 01       		.byte	1
 187 009e 80       		.byte	-128
 188 009f 40       		.byte	64
 189 00a0 81       		.byte	-127
 190 00a1 04       		.byte	4
 191 00a2 82       		.byte	-126
 192 00a3 03       		.byte	3
 193 00a4 85       		.byte	-123
 194 00a5 0E       		.byte	14
 195 00a6 87       		.byte	-121
 196 00a7 01       		.byte	1
 197 00a8 8C       		.byte	-116
 198 00a9 01       		.byte	1
 199 00aa 8D       		.byte	-115
 200 00ab 01       		.byte	1
 201 00ac 8E       		.byte	-114
 202 00ad 0E       		.byte	14
 203 00ae 8F       		.byte	-113
 204 00af 0E       		.byte	14
 205 00b0 90       		.byte	-112
 206 00b1 24       		.byte	36
 207 00b2 91       		.byte	-111
 208 00b3 0E       		.byte	14
 209 00b4 92       		.byte	-110
 210 00b5 41       		.byte	65
 211 00b6 93       		.byte	-109
 212 00b7 01       		.byte	1
 213 00b8 94       		.byte	-108
 214 00b9 43       		.byte	67
 215 00ba 96       		.byte	-106
 216 00bb 30       		.byte	48
 217 00bc 98       		.byte	-104
 218 00bd 30       		.byte	48
 219 00be 99       		.byte	-103
 220 00bf 02       		.byte	2
 221 00c0 9A       		.byte	-102
 222 00c1 47       		.byte	71
 223 00c2 9D       		.byte	-99
 224 00c3 08       		.byte	8
 225 00c4 A0       		.byte	-96
 226 00c5 02       		.byte	2
 227 00c6 A1       		.byte	-95
 228 00c7 0F       		.byte	15
ARM GAS  C:\Users\mame\AppData\Local\Temp\ccbBRDom.s 			page 5


 229 00c8 A2       		.byte	-94
 230 00c9 01       		.byte	1
 231 00ca A4       		.byte	-92
 232 00cb 71       		.byte	113
 233 00cc A5       		.byte	-91
 234 00cd 0E       		.byte	14
 235 00ce A6       		.byte	-90
 236 00cf 08       		.byte	8
 237 00d0 AB       		.byte	-85
 238 00d1 01       		.byte	1
 239 00d2 AC       		.byte	-84
 240 00d3 50       		.byte	80
 241 00d4 B5       		.byte	-75
 242 00d5 0F       		.byte	15
 243 00d6 B6       		.byte	-74
 244 00d7 7F       		.byte	127
 245 00d8 BB       		.byte	-69
 246 00d9 20       		.byte	32
 247 00da C0       		.byte	-64
 248 00db 62       		.byte	98
 249 00dc C1       		.byte	-63
 250 00dd 03       		.byte	3
 251 00de C5       		.byte	-59
 252 00df C0       		.byte	-64
 253 00e0 C7       		.byte	-57
 254 00e1 BE       		.byte	-66
 255 00e2 C8       		.byte	-56
 256 00e3 32       		.byte	50
 257 00e4 C9       		.byte	-55
 258 00e5 FF       		.byte	-1
 259 00e6 CA       		.byte	-54
 260 00e7 FF       		.byte	-1
 261 00e8 CB       		.byte	-53
 262 00e9 FF       		.byte	-1
 263 00ea CE       		.byte	-50
 264 00eb F0       		.byte	-16
 265 00ec CF       		.byte	-49
 266 00ed 44       		.byte	68
 267 00ee D0       		.byte	-48
 268 00ef 0C       		.byte	12
 269 00f0 D8       		.byte	-40
 270 00f1 04       		.byte	4
 271 00f2 D9       		.byte	-39
 272 00f3 04       		.byte	4
 273 00f4 DA       		.byte	-38
 274 00f5 04       		.byte	4
 275 00f6 DF       		.byte	-33
 276 00f7 01       		.byte	1
 277 00f8 E6       		.byte	-26
 278 00f9 C0       		.byte	-64
 279 00fa EA       		.byte	-22
 280 00fb 40       		.byte	64
 281 00fc EB       		.byte	-21
 282 00fd 02       		.byte	2
 283 00fe 01       		.byte	1
 284 00ff 42       		.byte	66
 285 0100 04       		.byte	4
ARM GAS  C:\Users\mame\AppData\Local\Temp\ccbBRDom.s 			page 6


 286 0101 14       		.byte	20
 287 0102 05       		.byte	5
 288 0103 02       		.byte	2
 289 0104 0B       		.byte	11
 290 0105 A8       		.byte	-88
 291 0106 0E       		.byte	14
 292 0107 01       		.byte	1
 293 0108 10       		.byte	16
 294 0109 02       		.byte	2
 295 010a 12       		.byte	18
 296 010b 80       		.byte	-128
 297 010c 13       		.byte	19
 298 010d 08       		.byte	8
 299 010e 15       		.byte	21
 300 010f 01       		.byte	1
 301 0110 17       		.byte	23
 302 0111 18       		.byte	24
 303 0112 18       		.byte	24
 304 0113 02       		.byte	2
 305 0114 1B       		.byte	27
 306 0115 40       		.byte	64
 307 0116 1C       		.byte	28
 308 0117 34       		.byte	52
 309 0118 1E       		.byte	30
 310 0119 01       		.byte	1
 311 011a 1F       		.byte	31
 312 011b 5C       		.byte	92
 313 011c 21       		.byte	33
 314 011d 10       		.byte	16
 315 011e 23       		.byte	35
 316 011f 04       		.byte	4
 317 0120 25       		.byte	37
 318 0121 20       		.byte	32
 319 0122 26       		.byte	38
 320 0123 89       		.byte	-119
 321 0124 27       		.byte	39
 322 0125 08       		.byte	8
 323 0126 28       		.byte	40
 324 0127 80       		.byte	-128
 325 0128 29       		.byte	41
 326 0129 24       		.byte	36
 327 012a 2C       		.byte	44
 328 012b 01       		.byte	1
 329 012c 2E       		.byte	46
 330 012d 10       		.byte	16
 331 012e 2F       		.byte	47
 332 012f 50       		.byte	80
 333 0130 30       		.byte	48
 334 0131 01       		.byte	1
 335 0132 31       		.byte	49
 336 0133 10       		.byte	16
 337 0134 33       		.byte	51
 338 0135 40       		.byte	64
 339 0136 36       		.byte	54
 340 0137 A0       		.byte	-96
 341 0138 37       		.byte	55
 342 0139 1A       		.byte	26
ARM GAS  C:\Users\mame\AppData\Local\Temp\ccbBRDom.s 			page 7


 343 013a 39       		.byte	57
 344 013b 80       		.byte	-128
 345 013c 3A       		.byte	58
 346 013d 02       		.byte	2
 347 013e 3B       		.byte	59
 348 013f 04       		.byte	4
 349 0140 3C       		.byte	60
 350 0141 20       		.byte	32
 351 0142 3D       		.byte	61
 352 0143 41       		.byte	65
 353 0144 3F       		.byte	63
 354 0145 85       		.byte	-123
 355 0146 43       		.byte	67
 356 0147 18       		.byte	24
 357 0148 4B       		.byte	75
 358 0149 21       		.byte	33
 359 014a 50       		.byte	80
 360 014b 0A       		.byte	10
 361 014c 89       		.byte	-119
 362 014d 01       		.byte	1
 363 014e 8B       		.byte	-117
 364 014f 10       		.byte	16
 365 0150 C0       		.byte	-64
 366 0151 79       		.byte	121
 367 0152 C2       		.byte	-62
 368 0153 8E       		.byte	-114
 369 0154 C4       		.byte	-60
 370 0155 7D       		.byte	125
 371 0156 CA       		.byte	-54
 372 0157 F7       		.byte	-9
 373 0158 CC       		.byte	-52
 374 0159 FD       		.byte	-3
 375 015a CE       		.byte	-50
 376 015b FB       		.byte	-5
 377 015c D0       		.byte	-48
 378 015d 06       		.byte	6
 379 015e D2       		.byte	-46
 380 015f 04       		.byte	4
 381 0160 04       		.byte	4
 382 0161 3F       		.byte	63
 383 0162 07       		.byte	7
 384 0163 02       		.byte	2
 385 0164 08       		.byte	8
 386 0165 0A       		.byte	10
 387 0166 09       		.byte	9
 388 0167 01       		.byte	1
 389 0168 0A       		.byte	10
 390 0169 11       		.byte	17
 391 016a 0B       		.byte	11
 392 016b 02       		.byte	2
 393 016c 0C       		.byte	12
 394 016d 09       		.byte	9
 395 016e 0E       		.byte	14
 396 016f 14       		.byte	20
 397 0170 0F       		.byte	15
 398 0171 02       		.byte	2
 399 0172 10       		.byte	16
ARM GAS  C:\Users\mame\AppData\Local\Temp\ccbBRDom.s 			page 8


 400 0173 01       		.byte	1
 401 0174 12       		.byte	18
 402 0175 06       		.byte	6
 403 0176 15       		.byte	21
 404 0177 01       		.byte	1
 405 0178 17       		.byte	23
 406 0179 02       		.byte	2
 407 017a 1D       		.byte	29
 408 017b 03       		.byte	3
 409 017c 21       		.byte	33
 410 017d 03       		.byte	3
 411 017e 24       		.byte	36
 412 017f 3F       		.byte	63
 413 0180 2C       		.byte	44
 414 0181 20       		.byte	32
 415 0182 30       		.byte	48
 416 0183 07       		.byte	7
 417 0184 31       		.byte	49
 418 0185 01       		.byte	1
 419 0186 32       		.byte	50
 420 0187 18       		.byte	24
 421 0188 33       		.byte	51
 422 0189 02       		.byte	2
 423 018a 34       		.byte	52
 424 018b 20       		.byte	32
 425 018c 3F       		.byte	63
 426 018d 01       		.byte	1
 427 018e 54       		.byte	84
 428 018f 1C       		.byte	28
 429 0190 56       		.byte	86
 430 0191 04       		.byte	4
 431 0192 58       		.byte	88
 432 0193 04       		.byte	4
 433 0194 59       		.byte	89
 434 0195 04       		.byte	4
 435 0196 5B       		.byte	91
 436 0197 04       		.byte	4
 437 0198 5F       		.byte	95
 438 0199 01       		.byte	1
 439 019a 80       		.byte	-128
 440 019b 01       		.byte	1
 441 019c 81       		.byte	-127
 442 019d 07       		.byte	7
 443 019e 85       		.byte	-123
 444 019f 08       		.byte	8
 445 01a0 86       		.byte	-122
 446 01a1 04       		.byte	4
 447 01a2 87       		.byte	-121
 448 01a3 04       		.byte	4
 449 01a4 89       		.byte	-119
 450 01a5 30       		.byte	48
 451 01a6 8F       		.byte	-113
 452 01a7 04       		.byte	4
 453 01a8 91       		.byte	-111
 454 01a9 04       		.byte	4
 455 01aa 93       		.byte	-109
 456 01ab 02       		.byte	2
ARM GAS  C:\Users\mame\AppData\Local\Temp\ccbBRDom.s 			page 9


 457 01ac 9B       		.byte	-101
 458 01ad 03       		.byte	3
 459 01ae 9E       		.byte	-98
 460 01af 02       		.byte	2
 461 01b0 9F       		.byte	-97
 462 01b1 10       		.byte	16
 463 01b2 A1       		.byte	-95
 464 01b3 07       		.byte	7
 465 01b4 A2       		.byte	-94
 466 01b5 02       		.byte	2
 467 01b6 A5       		.byte	-91
 468 01b7 30       		.byte	48
 469 01b8 A6       		.byte	-90
 470 01b9 04       		.byte	4
 471 01ba A9       		.byte	-87
 472 01bb 04       		.byte	4
 473 01bc AB       		.byte	-85
 474 01bd 01       		.byte	1
 475 01be AC       		.byte	-84
 476 01bf 01       		.byte	1
 477 01c0 AD       		.byte	-83
 478 01c1 20       		.byte	32
 479 01c2 B0       		.byte	-80
 480 01c3 04       		.byte	4
 481 01c4 B1       		.byte	-79
 482 01c5 08       		.byte	8
 483 01c6 B3       		.byte	-77
 484 01c7 07       		.byte	7
 485 01c8 B4       		.byte	-76
 486 01c9 02       		.byte	2
 487 01ca B5       		.byte	-75
 488 01cb 30       		.byte	48
 489 01cc B6       		.byte	-74
 490 01cd 01       		.byte	1
 491 01ce B8       		.byte	-72
 492 01cf 80       		.byte	-128
 493 01d0 B9       		.byte	-71
 494 01d1 20       		.byte	32
 495 01d2 BB       		.byte	-69
 496 01d3 08       		.byte	8
 497 01d4 BE       		.byte	-66
 498 01d5 51       		.byte	81
 499 01d6 BF       		.byte	-65
 500 01d7 10       		.byte	16
 501 01d8 C0       		.byte	-64
 502 01d9 03       		.byte	3
 503 01da C5       		.byte	-59
 504 01db 40       		.byte	64
 505 01dc C9       		.byte	-55
 506 01dd FF       		.byte	-1
 507 01de CA       		.byte	-54
 508 01df 07       		.byte	7
 509 01e0 CB       		.byte	-53
 510 01e1 FF       		.byte	-1
 511 01e2 CC       		.byte	-52
 512 01e3 40       		.byte	64
 513 01e4 CD       		.byte	-51
ARM GAS  C:\Users\mame\AppData\Local\Temp\ccbBRDom.s 			page 10


 514 01e5 20       		.byte	32
 515 01e6 CE       		.byte	-50
 516 01e7 F0       		.byte	-16
 517 01e8 CF       		.byte	-49
 518 01e9 05       		.byte	5
 519 01ea D0       		.byte	-48
 520 01eb 08       		.byte	8
 521 01ec D8       		.byte	-40
 522 01ed 04       		.byte	4
 523 01ee D9       		.byte	-39
 524 01ef 04       		.byte	4
 525 01f0 DA       		.byte	-38
 526 01f1 04       		.byte	4
 527 01f2 DB       		.byte	-37
 528 01f3 04       		.byte	4
 529 01f4 DF       		.byte	-33
 530 01f5 01       		.byte	1
 531 01f6 E0       		.byte	-32
 532 01f7 40       		.byte	64
 533 01f8 E1       		.byte	-31
 534 01f9 A8       		.byte	-88
 535 01fa E2       		.byte	-30
 536 01fb 40       		.byte	64
 537 01fc E3       		.byte	-29
 538 01fd 20       		.byte	32
 539 01fe 00       		.byte	0
 540 01ff 08       		.byte	8
 541 0200 01       		.byte	1
 542 0201 80       		.byte	-128
 543 0202 03       		.byte	3
 544 0203 08       		.byte	8
 545 0204 04       		.byte	4
 546 0205 02       		.byte	2
 547 0206 06       		.byte	6
 548 0207 10       		.byte	16
 549 0208 0A       		.byte	10
 550 0209 40       		.byte	64
 551 020a 0E       		.byte	14
 552 020b 02       		.byte	2
 553 020c 10       		.byte	16
 554 020d 02       		.byte	2
 555 020e 11       		.byte	17
 556 020f 04       		.byte	4
 557 0210 15       		.byte	21
 558 0211 48       		.byte	72
 559 0212 16       		.byte	22
 560 0213 40       		.byte	64
 561 0214 18       		.byte	24
 562 0215 88       		.byte	-120
 563 0216 19       		.byte	25
 564 0217 10       		.byte	16
 565 0218 1A       		.byte	26
 566 0219 40       		.byte	64
 567 021a 1B       		.byte	27
 568 021b 08       		.byte	8
 569 021c 1C       		.byte	28
 570 021d 04       		.byte	4
ARM GAS  C:\Users\mame\AppData\Local\Temp\ccbBRDom.s 			page 11


 571 021e 1F       		.byte	31
 572 021f 41       		.byte	65
 573 0220 22       		.byte	34
 574 0221 05       		.byte	5
 575 0222 24       		.byte	36
 576 0223 40       		.byte	64
 577 0224 25       		.byte	37
 578 0225 08       		.byte	8
 579 0226 27       		.byte	39
 580 0227 08       		.byte	8
 581 0228 2B       		.byte	43
 582 0229 80       		.byte	-128
 583 022a 2E       		.byte	46
 584 022b 20       		.byte	32
 585 022c 2F       		.byte	47
 586 022d 92       		.byte	-110
 587 022e 31       		.byte	49
 588 022f 08       		.byte	8
 589 0230 32       		.byte	50
 590 0231 40       		.byte	64
 591 0232 34       		.byte	52
 592 0233 01       		.byte	1
 593 0234 35       		.byte	53
 594 0235 10       		.byte	16
 595 0236 37       		.byte	55
 596 0237 40       		.byte	64
 597 0238 38       		.byte	56
 598 0239 08       		.byte	8
 599 023a 39       		.byte	57
 600 023b 20       		.byte	32
 601 023c 3A       		.byte	58
 602 023d 20       		.byte	32
 603 023e 3B       		.byte	59
 604 023f 40       		.byte	64
 605 0240 3C       		.byte	60
 606 0241 62       		.byte	98
 607 0242 3D       		.byte	61
 608 0243 08       		.byte	8
 609 0244 47       		.byte	71
 610 0245 08       		.byte	8
 611 0246 4D       		.byte	77
 612 0247 02       		.byte	2
 613 0248 4E       		.byte	78
 614 0249 20       		.byte	32
 615 024a 59       		.byte	89
 616 024b 01       		.byte	1
 617 024c 5A       		.byte	90
 618 024d 08       		.byte	8
 619 024e 60       		.byte	96
 620 024f 86       		.byte	-122
 621 0250 64       		.byte	100
 622 0251 02       		.byte	2
 623 0252 67       		.byte	103
 624 0253 02       		.byte	2
 625 0254 6D       		.byte	109
 626 0255 40       		.byte	64
 627 0256 81       		.byte	-127
ARM GAS  C:\Users\mame\AppData\Local\Temp\ccbBRDom.s 			page 12


 628 0257 84       		.byte	-124
 629 0258 84       		.byte	-124
 630 0259 80       		.byte	-128
 631 025a 87       		.byte	-121
 632 025b 40       		.byte	64
 633 025c 88       		.byte	-120
 634 025d 01       		.byte	1
 635 025e 89       		.byte	-119
 636 025f 08       		.byte	8
 637 0260 8E       		.byte	-114
 638 0261 20       		.byte	32
 639 0262 8F       		.byte	-113
 640 0263 40       		.byte	64
 641 0264 90       		.byte	-112
 642 0265 02       		.byte	2
 643 0266 91       		.byte	-111
 644 0267 2C       		.byte	44
 645 0268 92       		.byte	-110
 646 0269 80       		.byte	-128
 647 026a 93       		.byte	-109
 648 026b 60       		.byte	96
 649 026c 94       		.byte	-108
 650 026d 88       		.byte	-120
 651 026e 96       		.byte	-106
 652 026f 02       		.byte	2
 653 0270 99       		.byte	-103
 654 0271 01       		.byte	1
 655 0272 9A       		.byte	-102
 656 0273 50       		.byte	80
 657 0274 9C       		.byte	-100
 658 0275 01       		.byte	1
 659 0276 9D       		.byte	-99
 660 0277 82       		.byte	-126
 661 0278 A0       		.byte	-96
 662 0279 17       		.byte	23
 663 027a A2       		.byte	-94
 664 027b 01       		.byte	1
 665 027c A3       		.byte	-93
 666 027d 82       		.byte	-126
 667 027e A6       		.byte	-90
 668 027f 20       		.byte	32
 669 0280 A7       		.byte	-89
 670 0281 08       		.byte	8
 671 0282 A8       		.byte	-88
 672 0283 0C       		.byte	12
 673 0284 A9       		.byte	-87
 674 0285 01       		.byte	1
 675 0286 AB       		.byte	-85
 676 0287 01       		.byte	1
 677 0288 C0       		.byte	-64
 678 0289 37       		.byte	55
 679 028a C2       		.byte	-62
 680 028b 88       		.byte	-120
 681 028c C4       		.byte	-60
 682 028d B5       		.byte	-75
 683 028e CA       		.byte	-54
 684 028f F1       		.byte	-15
ARM GAS  C:\Users\mame\AppData\Local\Temp\ccbBRDom.s 			page 13


 685 0290 CC       		.byte	-52
 686 0291 BA       		.byte	-70
 687 0292 CE       		.byte	-50
 688 0293 FE       		.byte	-2
 689 0294 D0       		.byte	-48
 690 0295 40       		.byte	64
 691 0296 D6       		.byte	-42
 692 0297 03       		.byte	3
 693 0298 D8       		.byte	-40
 694 0299 0D       		.byte	13
 695 029a 29       		.byte	41
 696 029b 01       		.byte	1
 697 029c 35       		.byte	53
 698 029d 01       		.byte	1
 699 029e 3F       		.byte	63
 700 029f 10       		.byte	16
 701 02a0 40       		.byte	64
 702 02a1 56       		.byte	86
 703 02a2 41       		.byte	65
 704 02a3 04       		.byte	4
 705 02a4 42       		.byte	66
 706 02a5 03       		.byte	3
 707 02a6 44       		.byte	68
 708 02a7 02       		.byte	2
 709 02a8 46       		.byte	70
 710 02a9 CE       		.byte	-50
 711 02aa 48       		.byte	72
 712 02ab 0C       		.byte	12
 713 02ac 49       		.byte	73
 714 02ad 7F       		.byte	127
 715 02ae 4A       		.byte	74
 716 02af 7F       		.byte	127
 717 02b0 4B       		.byte	75
 718 02b1 FF       		.byte	-1
 719 02b2 4C       		.byte	76
 720 02b3 62       		.byte	98
 721 02b4 4D       		.byte	77
 722 02b5 A0       		.byte	-96
 723 02b6 4E       		.byte	78
 724 02b7 E0       		.byte	-32
 725 02b8 4F       		.byte	79
 726 02b9 41       		.byte	65
 727 02ba 50       		.byte	80
 728 02bb 0C       		.byte	12
 729 02bc 54       		.byte	84
 730 02bd 01       		.byte	1
 731 02be 59       		.byte	89
 732 02bf 04       		.byte	4
 733 02c0 5A       		.byte	90
 734 02c1 04       		.byte	4
 735 02c2 5B       		.byte	91
 736 02c3 04       		.byte	4
 737 02c4 5F       		.byte	95
 738 02c5 01       		.byte	1
 739 02c6 66       		.byte	102
 740 02c7 40       		.byte	64
 741 02c8 67       		.byte	103
ARM GAS  C:\Users\mame\AppData\Local\Temp\ccbBRDom.s 			page 14


 742 02c9 02       		.byte	2
 743 02ca 69       		.byte	105
 744 02cb 10       		.byte	16
 745 02cc 6A       		.byte	106
 746 02cd 30       		.byte	48
 747 02ce 6B       		.byte	107
 748 02cf 10       		.byte	16
 749 02d0 6D       		.byte	109
 750 02d1 10       		.byte	16
 751 02d2 6E       		.byte	110
 752 02d3 10       		.byte	16
 753 02d4 6F       		.byte	111
 754 02d5 12       		.byte	18
 755 02d6 80       		.byte	-128
 756 02d7 04       		.byte	4
 757 02d8 81       		.byte	-127
 758 02d9 38       		.byte	56
 759 02da 83       		.byte	-125
 760 02db 04       		.byte	4
 761 02dc 84       		.byte	-124
 762 02dd 3F       		.byte	63
 763 02de 85       		.byte	-123
 764 02df 04       		.byte	4
 765 02e0 86       		.byte	-122
 766 02e1 40       		.byte	64
 767 02e2 87       		.byte	-121
 768 02e3 38       		.byte	56
 769 02e4 8A       		.byte	-118
 770 02e5 10       		.byte	16
 771 02e6 8C       		.byte	-116
 772 02e7 08       		.byte	8
 773 02e8 8F       		.byte	-113
 774 02e9 01       		.byte	1
 775 02ea 90       		.byte	-112
 776 02eb 7F       		.byte	127
 777 02ec 91       		.byte	-111
 778 02ed 18       		.byte	24
 779 02ee 93       		.byte	-109
 780 02ef 04       		.byte	4
 781 02f0 94       		.byte	-108
 782 02f1 51       		.byte	81
 783 02f2 96       		.byte	-106
 784 02f3 2E       		.byte	46
 785 02f4 97       		.byte	-105
 786 02f5 02       		.byte	2
 787 02f6 98       		.byte	-104
 788 02f7 51       		.byte	81
 789 02f8 99       		.byte	-103
 790 02f9 0C       		.byte	12
 791 02fa 9A       		.byte	-102
 792 02fb 20       		.byte	32
 793 02fc 9B       		.byte	-101
 794 02fd 10       		.byte	16
 795 02fe 9D       		.byte	-99
 796 02ff 3C       		.byte	60
 797 0300 A1       		.byte	-95
 798 0301 3C       		.byte	60
ARM GAS  C:\Users\mame\AppData\Local\Temp\ccbBRDom.s 			page 15


 799 0302 A2       		.byte	-94
 800 0303 71       		.byte	113
 801 0304 A4       		.byte	-92
 802 0305 02       		.byte	2
 803 0306 A5       		.byte	-91
 804 0307 10       		.byte	16
 805 0308 A7       		.byte	-89
 806 0309 08       		.byte	8
 807 030a A8       		.byte	-88
 808 030b 0E       		.byte	14
 809 030c AB       		.byte	-85
 810 030d 3C       		.byte	60
 811 030e AC       		.byte	-84
 812 030f 2E       		.byte	46
 813 0310 AD       		.byte	-83
 814 0311 02       		.byte	2
 815 0312 AE       		.byte	-82
 816 0313 51       		.byte	81
 817 0314 B0       		.byte	-80
 818 0315 40       		.byte	64
 819 0316 B1       		.byte	-79
 820 0317 1C       		.byte	28
 821 0318 B3       		.byte	-77
 822 0319 20       		.byte	32
 823 031a B4       		.byte	-76
 824 031b 30       		.byte	48
 825 031c B5       		.byte	-75
 826 031d 03       		.byte	3
 827 031e B6       		.byte	-74
 828 031f 0F       		.byte	15
 829 0320 BA       		.byte	-70
 830 0321 A0       		.byte	-96
 831 0322 BB       		.byte	-69
 832 0323 82       		.byte	-126
 833 0324 BF       		.byte	-65
 834 0325 10       		.byte	16
 835 0326 D6       		.byte	-42
 836 0327 02       		.byte	2
 837 0328 D7       		.byte	-41
 838 0329 13       		.byte	19
 839 032a D8       		.byte	-40
 840 032b 04       		.byte	4
 841 032c D9       		.byte	-39
 842 032d 04       		.byte	4
 843 032e DB       		.byte	-37
 844 032f 04       		.byte	4
 845 0330 DF       		.byte	-33
 846 0331 01       		.byte	1
 847 0332 00       		.byte	0
 848 0333 84       		.byte	-124
 849 0334 01       		.byte	1
 850 0335 01       		.byte	1
 851 0336 02       		.byte	2
 852 0337 04       		.byte	4
 853 0338 03       		.byte	3
 854 0339 10       		.byte	16
 855 033a 09       		.byte	9
ARM GAS  C:\Users\mame\AppData\Local\Temp\ccbBRDom.s 			page 16


 856 033b 20       		.byte	32
 857 033c 0A       		.byte	10
 858 033d 90       		.byte	-112
 859 033e 10       		.byte	16
 860 033f 01       		.byte	1
 861 0340 11       		.byte	17
 862 0341 02       		.byte	2
 863 0342 12       		.byte	18
 864 0343 01       		.byte	1
 865 0344 13       		.byte	19
 866 0345 24       		.byte	36
 867 0346 15       		.byte	21
 868 0347 20       		.byte	32
 869 0348 17       		.byte	23
 870 0349 10       		.byte	16
 871 034a 19       		.byte	25
 872 034b 01       		.byte	1
 873 034c 1B       		.byte	27
 874 034d E0       		.byte	-32
 875 034e 20       		.byte	32
 876 034f 02       		.byte	2
 877 0350 21       		.byte	33
 878 0351 2C       		.byte	44
 879 0352 22       		.byte	34
 880 0353 42       		.byte	66
 881 0354 23       		.byte	35
 882 0355 42       		.byte	66
 883 0356 27       		.byte	39
 884 0357 08       		.byte	8
 885 0358 29       		.byte	41
 886 0359 A0       		.byte	-96
 887 035a 2A       		.byte	42
 888 035b 04       		.byte	4
 889 035c 2B       		.byte	43
 890 035d 60       		.byte	96
 891 035e 2C       		.byte	44
 892 035f 08       		.byte	8
 893 0360 2D       		.byte	45
 894 0361 01       		.byte	1
 895 0362 2E       		.byte	46
 896 0363 02       		.byte	2
 897 0364 31       		.byte	49
 898 0365 20       		.byte	32
 899 0366 32       		.byte	50
 900 0367 42       		.byte	66
 901 0368 33       		.byte	51
 902 0369 08       		.byte	8
 903 036a 38       		.byte	56
 904 036b 84       		.byte	-124
 905 036c 3A       		.byte	58
 906 036d 01       		.byte	1
 907 036e 41       		.byte	65
 908 036f 40       		.byte	64
 909 0370 43       		.byte	67
 910 0371 80       		.byte	-128
 911 0372 44       		.byte	68
 912 0373 80       		.byte	-128
ARM GAS  C:\Users\mame\AppData\Local\Temp\ccbBRDom.s 			page 17


 913 0374 45       		.byte	69
 914 0375 28       		.byte	40
 915 0376 47       		.byte	71
 916 0377 02       		.byte	2
 917 0378 4C       		.byte	76
 918 0379 04       		.byte	4
 919 037a 4D       		.byte	77
 920 037b 20       		.byte	32
 921 037c 4F       		.byte	79
 922 037d 80       		.byte	-128
 923 037e 56       		.byte	86
 924 037f 50       		.byte	80
 925 0380 5A       		.byte	90
 926 0381 02       		.byte	2
 927 0382 5E       		.byte	94
 928 0383 40       		.byte	64
 929 0384 5F       		.byte	95
 930 0385 19       		.byte	25
 931 0386 68       		.byte	104
 932 0387 46       		.byte	70
 933 0388 69       		.byte	105
 934 0389 04       		.byte	4
 935 038a 6B       		.byte	107
 936 038b 40       		.byte	64
 937 038c 71       		.byte	113
 938 038d 14       		.byte	20
 939 038e 72       		.byte	114
 940 038f 02       		.byte	2
 941 0390 73       		.byte	115
 942 0391 24       		.byte	36
 943 0392 90       		.byte	-112
 944 0393 02       		.byte	2
 945 0394 91       		.byte	-111
 946 0395 20       		.byte	32
 947 0396 92       		.byte	-110
 948 0397 50       		.byte	80
 949 0398 93       		.byte	-109
 950 0399 30       		.byte	48
 951 039a 95       		.byte	-107
 952 039b 80       		.byte	-128
 953 039c 9C       		.byte	-100
 954 039d 81       		.byte	-127
 955 039e 9D       		.byte	-99
 956 039f 36       		.byte	54
 957 03a0 9E       		.byte	-98
 958 03a1 02       		.byte	2
 959 03a2 9F       		.byte	-97
 960 03a3 42       		.byte	66
 961 03a4 A0       		.byte	-96
 962 03a5 18       		.byte	24
 963 03a6 A2       		.byte	-94
 964 03a7 01       		.byte	1
 965 03a8 A3       		.byte	-93
 966 03a9 02       		.byte	2
 967 03aa A6       		.byte	-90
 968 03ab 20       		.byte	32
 969 03ac A9       		.byte	-87
ARM GAS  C:\Users\mame\AppData\Local\Temp\ccbBRDom.s 			page 18


 970 03ad 40       		.byte	64
 971 03ae AA       		.byte	-86
 972 03af 58       		.byte	88
 973 03b0 AD       		.byte	-83
 974 03b1 20       		.byte	32
 975 03b2 AF       		.byte	-81
 976 03b3 02       		.byte	2
 977 03b4 C0       		.byte	-64
 978 03b5 0F       		.byte	15
 979 03b6 C2       		.byte	-62
 980 03b7 0E       		.byte	14
 981 03b8 C4       		.byte	-60
 982 03b9 0F       		.byte	15
 983 03ba CA       		.byte	-54
 984 03bb 2F       		.byte	47
 985 03bc CC       		.byte	-52
 986 03bd 0F       		.byte	15
 987 03be CE       		.byte	-50
 988 03bf 0B       		.byte	11
 989 03c0 D0       		.byte	-48
 990 03c1 E0       		.byte	-32
 991 03c2 D2       		.byte	-46
 992 03c3 30       		.byte	48
 993 03c4 D6       		.byte	-42
 994 03c5 F1       		.byte	-15
 995 03c6 30       		.byte	48
 996 03c7 10       		.byte	16
 997 03c8 CC       		.byte	-52
 998 03c9 10       		.byte	16
 999 03ca 9C       		.byte	-100
 1000 03cb 10       		.byte	16
 1001 03cc 9C       		.byte	-100
 1002 03cd 10       		.byte	16
 1003 03ce 9C       		.byte	-100
 1004 03cf 10       		.byte	16
 1005 03d0 9C       		.byte	-100
 1006 03d1 10       		.byte	16
 1007 03d2 07       		.byte	7
 1008 03d3 10       		.byte	16
 1009 03d4 5F       		.byte	95
 1010 03d5 10       		.byte	16
 1011 03d6 83       		.byte	-125
 1012 03d7 10       		.byte	16
 1013 03d8 84       		.byte	-124
 1014 03d9 10       		.byte	16
 1015 03da 87       		.byte	-121
 1016 03db 10       		.byte	16
 1017 03dc 9C       		.byte	-100
 1018 03dd 10       		.byte	16
 1019 03de C0       		.byte	-64
 1020 03df 20       		.byte	32
 1021 03e0 D6       		.byte	-42
 1022 03e1 20       		.byte	32
 1023 03e2 E0       		.byte	-32
 1024 03e3 20       		.byte	32
 1025 03e4 E2       		.byte	-30
 1026 03e5 10       		.byte	16
ARM GAS  C:\Users\mame\AppData\Local\Temp\ccbBRDom.s 			page 19


 1027 03e6 E6       		.byte	-26
 1028 03e7 40       		.byte	64
 1029 03e8 00       		.byte	0
 1030 03e9 01       		.byte	1
 1031 03ea 01       		.byte	1
 1032 03eb 01       		.byte	1
 1033 03ec 0A       		.byte	10
 1034 03ed 01       		.byte	1
 1035 03ee 0B       		.byte	11
 1036 03ef 01       		.byte	1
 1037 03f0 10       		.byte	16
 1038 03f1 01       		.byte	1
 1039 03f2 11       		.byte	17
 1040 03f3 01       		.byte	1
 1041 03f4 1A       		.byte	26
 1042 03f5 01       		.byte	1
 1043 03f6 1B       		.byte	27
 1044 03f7 01       		.byte	1
 1045 03f8 00       		.byte	0
 1046 03f9 03       		.byte	3
 1047 03fa 00       		.byte	0
 1048 03fb 00       		.byte	0
 1049 03fc 00       		.byte	0
 1050 03fd 0B       		.byte	11
 1051 03fe 0B       		.byte	11
 1052 03ff 00       		.byte	0
 1053 0400 00       		.byte	0
 1054 0401 00       		.byte	0
 1055 0402 00       		.byte	0
 1056 0403 00       		.byte	0
 1057 0404 00       		.byte	0
 1058 0405 01       		.byte	1
 1059 0406 01       		.byte	1
 1060 0407 00       		.byte	0
 1061 0408 00       		.byte	0
 1062 0409 00       		.byte	0
 1063 040a 00       		.byte	0
 1064 040b 00       		.byte	0
 1065 040c 02       		.byte	2
 1066 040d 03       		.byte	3
 1067 040e 01       		.byte	1
 1068 040f 00       		.byte	0
 1069 0410 02       		.byte	2
 1070 0411 00       		.byte	0
 1071 0412 00       		.byte	0
 1072 0413 00       		.byte	0
 1073              		.section	.cywolatch,"a",%progbits
 1074              		.align	2
 1075              		.type	cy_meta_wonvl, %object
 1076              		.size	cy_meta_wonvl, 4
 1077              	cy_meta_wonvl:
 1078 0000 BC       		.byte	-68
 1079 0001 90       		.byte	-112
 1080 0002 AC       		.byte	-84
 1081 0003 AF       		.byte	-81
 1082              		.section	.cycustnvl,"a",%progbits
 1083              		.align	2
ARM GAS  C:\Users\mame\AppData\Local\Temp\ccbBRDom.s 			page 20


 1084              		.type	cy_meta_custnvl, %object
 1085              		.size	cy_meta_custnvl, 4
 1086              	cy_meta_custnvl:
 1087 0000 00       		.byte	0
 1088 0001 00       		.byte	0
 1089 0002 40       		.byte	64
 1090 0003 05       		.byte	5
 1091              		.section	.cymeta,"a",%progbits
 1092              		.align	2
 1093              		.type	cy_metadata, %object
 1094              		.size	cy_metadata, 12
 1095              	cy_metadata:
 1096 0000 00       		.byte	0
 1097 0001 01       		.byte	1
 1098 0002 2E       		.byte	46
 1099 0003 16       		.byte	22
 1100 0004 10       		.byte	16
 1101 0005 69       		.byte	105
 1102 0006 00       		.byte	0
 1103 0007 01       		.byte	1
 1104 0008 00       		.byte	0
 1105 0009 00       		.byte	0
 1106 000a 00       		.byte	0
 1107 000b 00       		.byte	0
 1108              		.section	.cyflashprotect,"a",%progbits
 1109              		.align	2
 1110              		.type	cy_meta_flashprotect, %object
 1111              		.size	cy_meta_flashprotect, 256
 1112              	cy_meta_flashprotect:
 1113 0000 00000000 		.space	256
 1113      00000000 
 1113      00000000 
 1113      00000000 
 1113      00000000 
 1114              		.text
 1115              	.Letext0:
 1116              		.file 1 "c:\\program files\\cypress\\psoc creator\\4.1\\psoc creator\\import\\gnu\\arm\\5.4.1\\arm
 1117              		.file 2 "c:\\program files\\cypress\\psoc creator\\4.1\\psoc creator\\import\\gnu\\arm\\5.4.1\\arm
 1118              		.file 3 "Generated_Source\\PSoC5\\cymetadata.c"
 1119              		.section	.debug_info,"",%progbits
 1120              	.Ldebug_info0:
 1121 0000 31010000 		.4byte	0x131
 1122 0004 0400     		.2byte	0x4
 1123 0006 00000000 		.4byte	.Ldebug_abbrev0
 1124 000a 04       		.byte	0x4
 1125 000b 01       		.uleb128 0x1
 1126 000c 24000000 		.4byte	.LASF17
 1127 0010 0C       		.byte	0xc
 1128 0011 A8010000 		.4byte	.LASF18
 1129 0015 D7000000 		.4byte	.LASF19
 1130 0019 00000000 		.4byte	.Ldebug_line0
 1131 001d 02       		.uleb128 0x2
 1132 001e 01       		.byte	0x1
 1133 001f 06       		.byte	0x6
 1134 0020 9C010000 		.4byte	.LASF0
 1135 0024 03       		.uleb128 0x3
 1136 0025 00000000 		.4byte	.LASF9
ARM GAS  C:\Users\mame\AppData\Local\Temp\ccbBRDom.s 			page 21


 1137 0029 01       		.byte	0x1
 1138 002a 1D       		.byte	0x1d
 1139 002b 2F000000 		.4byte	0x2f
 1140 002f 02       		.uleb128 0x2
 1141 0030 01       		.byte	0x1
 1142 0031 08       		.byte	0x8
 1143 0032 16000000 		.4byte	.LASF1
 1144 0036 02       		.uleb128 0x2
 1145 0037 02       		.byte	0x2
 1146 0038 05       		.byte	0x5
 1147 0039 89010000 		.4byte	.LASF2
 1148 003d 02       		.uleb128 0x2
 1149 003e 02       		.byte	0x2
 1150 003f 07       		.byte	0x7
 1151 0040 C4000000 		.4byte	.LASF3
 1152 0044 02       		.uleb128 0x2
 1153 0045 04       		.byte	0x4
 1154 0046 05       		.byte	0x5
 1155 0047 93010000 		.4byte	.LASF4
 1156 004b 02       		.uleb128 0x2
 1157 004c 04       		.byte	0x4
 1158 004d 07       		.byte	0x7
 1159 004e B2000000 		.4byte	.LASF5
 1160 0052 02       		.uleb128 0x2
 1161 0053 08       		.byte	0x8
 1162 0054 05       		.byte	0x5
 1163 0055 7B010000 		.4byte	.LASF6
 1164 0059 02       		.uleb128 0x2
 1165 005a 08       		.byte	0x8
 1166 005b 07       		.byte	0x7
 1167 005c 30010000 		.4byte	.LASF7
 1168 0060 04       		.uleb128 0x4
 1169 0061 04       		.byte	0x4
 1170 0062 05       		.byte	0x5
 1171 0063 696E7400 		.ascii	"int\000"
 1172 0067 02       		.uleb128 0x2
 1173 0068 04       		.byte	0x4
 1174 0069 07       		.byte	0x7
 1175 006a 23010000 		.4byte	.LASF8
 1176 006e 03       		.uleb128 0x3
 1177 006f 47010000 		.4byte	.LASF10
 1178 0073 02       		.byte	0x2
 1179 0074 18       		.byte	0x18
 1180 0075 24000000 		.4byte	0x24
 1181 0079 05       		.uleb128 0x5
 1182 007a 91000000 		.4byte	0x91
 1183 007e 8A000000 		.4byte	0x8a
 1184 0082 06       		.uleb128 0x6
 1185 0083 8A000000 		.4byte	0x8a
 1186 0087 1304     		.2byte	0x413
 1187 0089 00       		.byte	0
 1188 008a 02       		.uleb128 0x2
 1189 008b 04       		.byte	0x4
 1190 008c 07       		.byte	0x7
 1191 008d 72010000 		.4byte	.LASF11
 1192 0091 07       		.uleb128 0x7
 1193 0092 6E000000 		.4byte	0x6e
ARM GAS  C:\Users\mame\AppData\Local\Temp\ccbBRDom.s 			page 22


 1194 0096 08       		.uleb128 0x8
 1195 0097 11010000 		.4byte	.LASF12
 1196 009b 03       		.byte	0x3
 1197 009c 1F       		.byte	0x1f
 1198 009d A7000000 		.4byte	0xa7
 1199 00a1 05       		.uleb128 0x5
 1200 00a2 03       		.byte	0x3
 1201 00a3 00000000 		.4byte	cy_meta_configecc
 1202 00a7 07       		.uleb128 0x7
 1203 00a8 79000000 		.4byte	0x79
 1204 00ac 05       		.uleb128 0x5
 1205 00ad 91000000 		.4byte	0x91
 1206 00b1 BC000000 		.4byte	0xbc
 1207 00b5 09       		.uleb128 0x9
 1208 00b6 8A000000 		.4byte	0x8a
 1209 00ba 03       		.byte	0x3
 1210 00bb 00       		.byte	0
 1211 00bc 08       		.uleb128 0x8
 1212 00bd 01010000 		.4byte	.LASF13
 1213 00c1 03       		.byte	0x3
 1214 00c2 AF       		.byte	0xaf
 1215 00c3 CD000000 		.4byte	0xcd
 1216 00c7 05       		.uleb128 0x5
 1217 00c8 03       		.byte	0x3
 1218 00c9 00000000 		.4byte	cy_meta_custnvl
 1219 00cd 07       		.uleb128 0x7
 1220 00ce AC000000 		.4byte	0xac
 1221 00d2 08       		.uleb128 0x8
 1222 00d3 64010000 		.4byte	.LASF14
 1223 00d7 03       		.byte	0x3
 1224 00d8 BD       		.byte	0xbd
 1225 00d9 E3000000 		.4byte	0xe3
 1226 00dd 05       		.uleb128 0x5
 1227 00de 03       		.byte	0x3
 1228 00df 00000000 		.4byte	cy_meta_wonvl
 1229 00e3 07       		.uleb128 0x7
 1230 00e4 AC000000 		.4byte	0xac
 1231 00e8 05       		.uleb128 0x5
 1232 00e9 91000000 		.4byte	0x91
 1233 00ed F8000000 		.4byte	0xf8
 1234 00f1 09       		.uleb128 0x9
 1235 00f2 8A000000 		.4byte	0x8a
 1236 00f6 FF       		.byte	0xff
 1237 00f7 00       		.byte	0
 1238 00f8 08       		.uleb128 0x8
 1239 00f9 4F010000 		.4byte	.LASF15
 1240 00fd 03       		.byte	0x3
 1241 00fe CB       		.byte	0xcb
 1242 00ff 09010000 		.4byte	0x109
 1243 0103 05       		.uleb128 0x5
 1244 0104 03       		.byte	0x3
 1245 0105 00000000 		.4byte	cy_meta_flashprotect
 1246 0109 07       		.uleb128 0x7
 1247 010a E8000000 		.4byte	0xe8
 1248 010e 05       		.uleb128 0x5
 1249 010f 91000000 		.4byte	0x91
 1250 0113 1E010000 		.4byte	0x11e
ARM GAS  C:\Users\mame\AppData\Local\Temp\ccbBRDom.s 			page 23


 1251 0117 09       		.uleb128 0x9
 1252 0118 8A000000 		.4byte	0x8a
 1253 011c 0B       		.byte	0xb
 1254 011d 00       		.byte	0
 1255 011e 08       		.uleb128 0x8
 1256 011f 0A000000 		.4byte	.LASF16
 1257 0123 03       		.byte	0x3
 1258 0124 F8       		.byte	0xf8
 1259 0125 2F010000 		.4byte	0x12f
 1260 0129 05       		.uleb128 0x5
 1261 012a 03       		.byte	0x3
 1262 012b 00000000 		.4byte	cy_metadata
 1263 012f 07       		.uleb128 0x7
 1264 0130 0E010000 		.4byte	0x10e
 1265 0134 00       		.byte	0
 1266              		.section	.debug_abbrev,"",%progbits
 1267              	.Ldebug_abbrev0:
 1268 0000 01       		.uleb128 0x1
 1269 0001 11       		.uleb128 0x11
 1270 0002 01       		.byte	0x1
 1271 0003 25       		.uleb128 0x25
 1272 0004 0E       		.uleb128 0xe
 1273 0005 13       		.uleb128 0x13
 1274 0006 0B       		.uleb128 0xb
 1275 0007 03       		.uleb128 0x3
 1276 0008 0E       		.uleb128 0xe
 1277 0009 1B       		.uleb128 0x1b
 1278 000a 0E       		.uleb128 0xe
 1279 000b 10       		.uleb128 0x10
 1280 000c 17       		.uleb128 0x17
 1281 000d 00       		.byte	0
 1282 000e 00       		.byte	0
 1283 000f 02       		.uleb128 0x2
 1284 0010 24       		.uleb128 0x24
 1285 0011 00       		.byte	0
 1286 0012 0B       		.uleb128 0xb
 1287 0013 0B       		.uleb128 0xb
 1288 0014 3E       		.uleb128 0x3e
 1289 0015 0B       		.uleb128 0xb
 1290 0016 03       		.uleb128 0x3
 1291 0017 0E       		.uleb128 0xe
 1292 0018 00       		.byte	0
 1293 0019 00       		.byte	0
 1294 001a 03       		.uleb128 0x3
 1295 001b 16       		.uleb128 0x16
 1296 001c 00       		.byte	0
 1297 001d 03       		.uleb128 0x3
 1298 001e 0E       		.uleb128 0xe
 1299 001f 3A       		.uleb128 0x3a
 1300 0020 0B       		.uleb128 0xb
 1301 0021 3B       		.uleb128 0x3b
 1302 0022 0B       		.uleb128 0xb
 1303 0023 49       		.uleb128 0x49
 1304 0024 13       		.uleb128 0x13
 1305 0025 00       		.byte	0
 1306 0026 00       		.byte	0
 1307 0027 04       		.uleb128 0x4
ARM GAS  C:\Users\mame\AppData\Local\Temp\ccbBRDom.s 			page 24


 1308 0028 24       		.uleb128 0x24
 1309 0029 00       		.byte	0
 1310 002a 0B       		.uleb128 0xb
 1311 002b 0B       		.uleb128 0xb
 1312 002c 3E       		.uleb128 0x3e
 1313 002d 0B       		.uleb128 0xb
 1314 002e 03       		.uleb128 0x3
 1315 002f 08       		.uleb128 0x8
 1316 0030 00       		.byte	0
 1317 0031 00       		.byte	0
 1318 0032 05       		.uleb128 0x5
 1319 0033 01       		.uleb128 0x1
 1320 0034 01       		.byte	0x1
 1321 0035 49       		.uleb128 0x49
 1322 0036 13       		.uleb128 0x13
 1323 0037 01       		.uleb128 0x1
 1324 0038 13       		.uleb128 0x13
 1325 0039 00       		.byte	0
 1326 003a 00       		.byte	0
 1327 003b 06       		.uleb128 0x6
 1328 003c 21       		.uleb128 0x21
 1329 003d 00       		.byte	0
 1330 003e 49       		.uleb128 0x49
 1331 003f 13       		.uleb128 0x13
 1332 0040 2F       		.uleb128 0x2f
 1333 0041 05       		.uleb128 0x5
 1334 0042 00       		.byte	0
 1335 0043 00       		.byte	0
 1336 0044 07       		.uleb128 0x7
 1337 0045 26       		.uleb128 0x26
 1338 0046 00       		.byte	0
 1339 0047 49       		.uleb128 0x49
 1340 0048 13       		.uleb128 0x13
 1341 0049 00       		.byte	0
 1342 004a 00       		.byte	0
 1343 004b 08       		.uleb128 0x8
 1344 004c 34       		.uleb128 0x34
 1345 004d 00       		.byte	0
 1346 004e 03       		.uleb128 0x3
 1347 004f 0E       		.uleb128 0xe
 1348 0050 3A       		.uleb128 0x3a
 1349 0051 0B       		.uleb128 0xb
 1350 0052 3B       		.uleb128 0x3b
 1351 0053 0B       		.uleb128 0xb
 1352 0054 49       		.uleb128 0x49
 1353 0055 13       		.uleb128 0x13
 1354 0056 3F       		.uleb128 0x3f
 1355 0057 19       		.uleb128 0x19
 1356 0058 02       		.uleb128 0x2
 1357 0059 18       		.uleb128 0x18
 1358 005a 00       		.byte	0
 1359 005b 00       		.byte	0
 1360 005c 09       		.uleb128 0x9
 1361 005d 21       		.uleb128 0x21
 1362 005e 00       		.byte	0
 1363 005f 49       		.uleb128 0x49
 1364 0060 13       		.uleb128 0x13
ARM GAS  C:\Users\mame\AppData\Local\Temp\ccbBRDom.s 			page 25


 1365 0061 2F       		.uleb128 0x2f
 1366 0062 0B       		.uleb128 0xb
 1367 0063 00       		.byte	0
 1368 0064 00       		.byte	0
 1369 0065 00       		.byte	0
 1370              		.section	.debug_aranges,"",%progbits
 1371 0000 14000000 		.4byte	0x14
 1372 0004 0200     		.2byte	0x2
 1373 0006 00000000 		.4byte	.Ldebug_info0
 1374 000a 04       		.byte	0x4
 1375 000b 00       		.byte	0
 1376 000c 0000     		.2byte	0
 1377 000e 0000     		.2byte	0
 1378 0010 00000000 		.4byte	0
 1379 0014 00000000 		.4byte	0
 1380              		.section	.debug_line,"",%progbits
 1381              	.Ldebug_line0:
 1382 0000 31010000 		.section	.debug_str,"MS",%progbits,1
 1382      02002B01 
 1382      00000201 
 1382      FB0E0D00 
 1382      01010101 
 1383              	.LASF9:
 1384 0000 5F5F7569 		.ascii	"__uint8_t\000"
 1384      6E74385F 
 1384      7400
 1385              	.LASF16:
 1386 000a 63795F6D 		.ascii	"cy_metadata\000"
 1386      65746164 
 1386      61746100 
 1387              	.LASF1:
 1388 0016 756E7369 		.ascii	"unsigned char\000"
 1388      676E6564 
 1388      20636861 
 1388      7200
 1389              	.LASF17:
 1390 0024 474E5520 		.ascii	"GNU C11 5.4.1 20160609 (release) [ARM/embedded-5-br"
 1390      43313120 
 1390      352E342E 
 1390      31203230 
 1390      31363036 
 1391 0057 616E6368 		.ascii	"anch revision 237715] -mcpu=cortex-m3 -mthumb -g -O"
 1391      20726576 
 1391      6973696F 
 1391      6E203233 
 1391      37373135 
 1392 008a 67202D66 		.ascii	"g -ffunction-sections -ffat-lto-objects\000"
 1392      66756E63 
 1392      74696F6E 
 1392      2D736563 
 1392      74696F6E 
 1393              	.LASF5:
 1394 00b2 6C6F6E67 		.ascii	"long unsigned int\000"
 1394      20756E73 
 1394      69676E65 
 1394      6420696E 
 1394      7400
ARM GAS  C:\Users\mame\AppData\Local\Temp\ccbBRDom.s 			page 26


 1395              	.LASF3:
 1396 00c4 73686F72 		.ascii	"short unsigned int\000"
 1396      7420756E 
 1396      7369676E 
 1396      65642069 
 1396      6E7400
 1397              	.LASF19:
 1398 00d7 433A5C55 		.ascii	"C:\\Users\\mame\\Documents\\psoc\\SDI-12.cydsn\000"
 1398      73657273 
 1398      5C6D616D 
 1398      655C446F 
 1398      63756D65 
 1399              	.LASF13:
 1400 0101 63795F6D 		.ascii	"cy_meta_custnvl\000"
 1400      6574615F 
 1400      63757374 
 1400      6E766C00 
 1401              	.LASF12:
 1402 0111 63795F6D 		.ascii	"cy_meta_configecc\000"
 1402      6574615F 
 1402      636F6E66 
 1402      69676563 
 1402      6300
 1403              	.LASF8:
 1404 0123 756E7369 		.ascii	"unsigned int\000"
 1404      676E6564 
 1404      20696E74 
 1404      00
 1405              	.LASF7:
 1406 0130 6C6F6E67 		.ascii	"long long unsigned int\000"
 1406      206C6F6E 
 1406      6720756E 
 1406      7369676E 
 1406      65642069 
 1407              	.LASF10:
 1408 0147 75696E74 		.ascii	"uint8_t\000"
 1408      385F7400 
 1409              	.LASF15:
 1410 014f 63795F6D 		.ascii	"cy_meta_flashprotect\000"
 1410      6574615F 
 1410      666C6173 
 1410      6870726F 
 1410      74656374 
 1411              	.LASF14:
 1412 0164 63795F6D 		.ascii	"cy_meta_wonvl\000"
 1412      6574615F 
 1412      776F6E76 
 1412      6C00
 1413              	.LASF11:
 1414 0172 73697A65 		.ascii	"sizetype\000"
 1414      74797065 
 1414      00
 1415              	.LASF6:
 1416 017b 6C6F6E67 		.ascii	"long long int\000"
 1416      206C6F6E 
 1416      6720696E 
 1416      7400
ARM GAS  C:\Users\mame\AppData\Local\Temp\ccbBRDom.s 			page 27


 1417              	.LASF2:
 1418 0189 73686F72 		.ascii	"short int\000"
 1418      7420696E 
 1418      7400
 1419              	.LASF4:
 1420 0193 6C6F6E67 		.ascii	"long int\000"
 1420      20696E74 
 1420      00
 1421              	.LASF0:
 1422 019c 7369676E 		.ascii	"signed char\000"
 1422      65642063 
 1422      68617200 
 1423              	.LASF18:
 1424 01a8 47656E65 		.ascii	"Generated_Source\\PSoC5\\cymetadata.c\000"
 1424      72617465 
 1424      645F536F 
 1424      75726365 
 1424      5C50536F 
 1425              		.ident	"GCC: (GNU Tools for ARM Embedded Processors) 5.4.1 20160609 (release) [ARM/embedded-5-bran
